<?xml version="1.0" encoding="UTF-8"?>
<!-- Generated by org.testng.reporters.JUnitReportReporter -->
<testsuite skipped="0" hostname="KHEI14-LT16" name="Runner.TestRunner" tests="3" failures="0" timestamp="23 Aug 2017 08:13:45 GMT" time="82.330" errors="0">
  <testcase name="feature" time="28.611" classname="Runner.TestRunner"/>
  <testcase name="feature" time="7.672" classname="Runner.TestRunner"/>
  <testcase name="feature" time="46.047" classname="Runner.TestRunner"/>
</testsuite> <!-- Runner.TestRunner -->
