<?xml version="1.0" encoding="UTF-8"?>
<!-- Generated by org.testng.reporters.JUnitReportReporter -->
<testsuite skipped="0" hostname="KHEI14-LT16" name="Runner.TestRunner" tests="2" failures="0" timestamp="04 Aug 2017 02:45:24 GMT" time="66.043" errors="0">
  <testcase name="feature" time="48.210" classname="Runner.TestRunner"/>
  <testcase name="feature" time="17.833" classname="Runner.TestRunner"/>
</testsuite> <!-- Runner.TestRunner -->
