<?xml version="1.0" encoding="UTF-8"?>
<!-- Generated by org.testng.reporters.JUnitReportReporter -->
<testsuite skipped="0" hostname="KHEI14-LT16" name="Runner.TestRunner" tests="3" failures="0" timestamp="22 Aug 2017 02:09:08 GMT" time="77.889" errors="0">
  <testcase name="feature" time="8.005" classname="Runner.TestRunner"/>
  <testcase name="feature" time="23.523" classname="Runner.TestRunner"/>
  <testcase name="feature" time="46.361" classname="Runner.TestRunner"/>
</testsuite> <!-- Runner.TestRunner -->
