<?xml version="1.0" encoding="UTF-8"?>
<!-- Generated by org.testng.reporters.JUnitReportReporter -->
<testsuite skipped="0" hostname="KHEI14-LT16" name="Runner.TestRunner" tests="3" failures="0" timestamp="12 Sep 2017 02:05:00 GMT" time="114.585" errors="0">
  <testcase name="feature" time="42.143" classname="Runner.TestRunner"/>
  <testcase name="feature" time="8.303" classname="Runner.TestRunner"/>
  <testcase name="feature" time="64.139" classname="Runner.TestRunner"/>
</testsuite> <!-- Runner.TestRunner -->
